{"@timestamp":"2025-04-14T21:49:20.469289+09:00","@version":"1","message":"Starting BackendApplicationTests using Java 17.0.6 with PID 30356 (started by user in C:\\Users\\user\\cloudsecurity\\backend)","logger_name":"org.example.backend.BackendApplicationTests","thread_name":"Test worker","level":"INFO","level_value":20000}
{"@timestamp":"2025-04-14T21:49:20.5558543+09:00","@version":"1","message":"No active profile set, falling back to 1 default profile: \"default\"","logger_name":"org.example.backend.BackendApplicationTests","thread_name":"Test worker","level":"INFO","level_value":20000}
{"@timestamp":"2025-04-14T21:49:26.2147572+09:00","@version":"1","message":"Bootstrapping Spring Data JPA repositories in DEFAULT mode.","logger_name":"org.springframework.data.repository.config.RepositoryConfigurationDelegate","thread_name":"Test worker","level":"INFO","level_value":20000}
{"@timestamp":"2025-04-14T21:49:26.3807814+09:00","@version":"1","message":"Finished Spring Data repository scanning in 85 ms. Found 0 JPA repository interfaces.","logger_name":"org.springframework.data.repository.config.RepositoryConfigurationDelegate","thread_name":"Test worker","level":"INFO","level_value":20000}
{"@timestamp":"2025-04-14T21:49:29.0478775+09:00","@version":"1","message":"HHH000204: Processing PersistenceUnitInfo [name: default]","logger_name":"org.hibernate.jpa.internal.util.LogHelper","thread_name":"Test worker","level":"INFO","level_value":20000}
{"@timestamp":"2025-04-14T21:49:29.3378634+09:00","@version":"1","message":"HHH000412: Hibernate ORM core version 6.6.11.Final","logger_name":"org.hibernate.Version","thread_name":"Test worker","level":"INFO","level_value":20000}
{"@timestamp":"2025-04-14T21:49:29.522711+09:00","@version":"1","message":"HHH000026: Second-level cache disabled","logger_name":"org.hibernate.cache.internal.RegionFactoryInitiator","thread_name":"Test worker","level":"INFO","level_value":20000}
{"@timestamp":"2025-04-14T21:49:30.9146041+09:00","@version":"1","message":"No LoadTimeWeaver setup: ignoring JPA class transformer","logger_name":"org.springframework.orm.jpa.persistenceunit.SpringPersistenceUnitInfo","thread_name":"Test worker","level":"INFO","level_value":20000}
{"@timestamp":"2025-04-14T21:49:31.1155386+09:00","@version":"1","message":"HikariPool-1 - Starting...","logger_name":"com.zaxxer.hikari.HikariDataSource","thread_name":"Test worker","level":"INFO","level_value":20000}
{"@timestamp":"2025-04-14T21:49:31.9148474+09:00","@version":"1","message":"HikariPool-1 - Added connection org.postgresql.jdbc.PgConnection@6e1ad658","logger_name":"com.zaxxer.hikari.pool.HikariPool","thread_name":"Test worker","level":"INFO","level_value":20000}
{"@timestamp":"2025-04-14T21:49:31.9229852+09:00","@version":"1","message":"HikariPool-1 - Start completed.","logger_name":"com.zaxxer.hikari.HikariDataSource","thread_name":"Test worker","level":"INFO","level_value":20000}
{"@timestamp":"2025-04-14T21:49:32.0909107+09:00","@version":"1","message":"HHH90000025: PostgreSQLDialect does not need to be specified explicitly using 'hibernate.dialect' (remove the property setting and it will be selected by default)","logger_name":"org.hibernate.orm.deprecation","thread_name":"Test worker","level":"WARN","level_value":30000}
{"@timestamp":"2025-04-14T21:49:32.1886285+09:00","@version":"1","message":"HHH10001005: Database info:\n\tDatabase JDBC URL [Connecting through datasource 'HikariDataSource (HikariPool-1)']\n\tDatabase driver: undefined/unknown\n\tDatabase version: 15.12\n\tAutocommit mode: undefined/unknown\n\tIsolation level: undefined/unknown\n\tMinimum pool size: undefined/unknown\n\tMaximum pool size: undefined/unknown","logger_name":"org.hibernate.orm.connections.pooling","thread_name":"Test worker","level":"INFO","level_value":20000}
{"@timestamp":"2025-04-14T21:49:33.8256066+09:00","@version":"1","message":"HHH000489: No JTA platform available (set 'hibernate.transaction.jta.platform' to enable JTA platform integration)","logger_name":"org.hibernate.engine.transaction.jta.platform.internal.JtaPlatformInitiator","thread_name":"Test worker","level":"INFO","level_value":20000}
{"@timestamp":"2025-04-14T21:49:33.855048+09:00","@version":"1","message":"Initialized JPA EntityManagerFactory for persistence unit 'default'","logger_name":"org.springframework.orm.jpa.LocalContainerEntityManagerFactoryBean","thread_name":"Test worker","level":"INFO","level_value":20000}
{"@timestamp":"2025-04-14T21:49:34.7349448+09:00","@version":"1","message":"spring.jpa.open-in-view is enabled by default. Therefore, database queries may be performed during view rendering. Explicitly configure spring.jpa.open-in-view to disable this warning","logger_name":"org.springframework.boot.autoconfigure.orm.jpa.JpaBaseConfiguration$JpaWebConfiguration","thread_name":"Test worker","level":"WARN","level_value":30000}
{"@timestamp":"2025-04-14T21:49:38.9296843+09:00","@version":"1","message":"Exposing 2 endpoints beneath base path '/actuator'","logger_name":"org.springframework.boot.actuate.endpoint.web.EndpointLinksResolver","thread_name":"Test worker","level":"INFO","level_value":20000}
{"@timestamp":"2025-04-14T21:49:39.2312922+09:00","@version":"1","message":"Started BackendApplicationTests in 21.261 seconds (process running for 31.253)","logger_name":"org.example.backend.BackendApplicationTests","thread_name":"Test worker","level":"INFO","level_value":20000}
{"@timestamp":"2025-04-14T21:49:41.8282636+09:00","@version":"1","message":"Closing JPA EntityManagerFactory for persistence unit 'default'","logger_name":"org.springframework.orm.jpa.LocalContainerEntityManagerFactoryBean","thread_name":"SpringApplicationShutdownHook","level":"INFO","level_value":20000}
{"@timestamp":"2025-04-14T21:49:41.8372892+09:00","@version":"1","message":"HikariPool-1 - Shutdown initiated...","logger_name":"com.zaxxer.hikari.HikariDataSource","thread_name":"SpringApplicationShutdownHook","level":"INFO","level_value":20000}
{"@timestamp":"2025-04-14T21:49:41.852998+09:00","@version":"1","message":"HikariPool-1 - Shutdown completed.","logger_name":"com.zaxxer.hikari.HikariDataSource","thread_name":"SpringApplicationShutdownHook","level":"INFO","level_value":20000}
